# Logfile created on 2014-03-27 11:44:08 +0000 by logger.rb/44203
I, [2014-03-27T11:44:08.192164 #3471]  INFO -- : 0:  rake (10.1.1) from /usr/local/rvm/gems/ruby-2.1.0/specifications/rake-10.1.1.gemspec
I, [2014-03-27T11:44:08.193197 #3471]  INFO -- : 0:  i18n (0.6.9) from /usr/local/rvm/gems/ruby-2.1.0/specifications/i18n-0.6.9.gemspec
I, [2014-03-27T11:44:08.194219 #3471]  INFO -- : 0:  minitest (4.7.5) from /usr/local/rvm/rubies/ruby-2.1.0/lib/ruby/gems/2.1.0/specifications/default/minitest-4.7.5.gemspec
I, [2014-03-27T11:44:08.195198 #3471]  INFO -- : 0:  multi_json (1.9.0) from /usr/local/rvm/gems/ruby-2.1.0/specifications/multi_json-1.9.0.gemspec
I, [2014-03-27T11:44:08.196553 #3471]  INFO -- : 0:  atomic (1.1.16) from /usr/local/rvm/gems/ruby-2.1.0/specifications/atomic-1.1.16.gemspec
I, [2014-03-27T11:44:08.197450 #3471]  INFO -- : 0:  thread_safe (0.3.0) from /usr/local/rvm/gems/ruby-2.1.0/specifications/thread_safe-0.3.0.gemspec
I, [2014-03-27T11:44:08.198339 #3471]  INFO -- : 0:  tzinfo (0.3.39) from /usr/local/rvm/gems/ruby-2.1.0/specifications/tzinfo-0.3.39.gemspec
I, [2014-03-27T11:44:08.199429 #3471]  INFO -- : 0:  activesupport (4.0.3) from /usr/local/rvm/gems/ruby-2.1.0/specifications/activesupport-4.0.3.gemspec
I, [2014-03-27T11:44:08.200899 #3471]  INFO -- : 0:  builder (3.1.4) from /usr/local/rvm/gems/ruby-2.1.0/specifications/builder-3.1.4.gemspec
I, [2014-03-27T11:44:08.202384 #3471]  INFO -- : 0:  erubis (2.7.0) from /usr/local/rvm/gems/ruby-2.1.0/specifications/erubis-2.7.0.gemspec
I, [2014-03-27T11:44:08.203825 #3471]  INFO -- : 0:  rack (1.5.2) from /usr/local/rvm/gems/ruby-2.1.0/specifications/rack-1.5.2.gemspec
I, [2014-03-27T11:44:08.205018 #3471]  INFO -- : 0:  rack-test (0.6.2) from /usr/local/rvm/gems/ruby-2.1.0/specifications/rack-test-0.6.2.gemspec
I, [2014-03-27T11:44:08.206273 #3471]  INFO -- : 0:  actionpack (4.0.3) from /usr/local/rvm/gems/ruby-2.1.0/specifications/actionpack-4.0.3.gemspec
I, [2014-03-27T11:44:08.207453 #3471]  INFO -- : 0:  mime-types (1.25.1) from /usr/local/rvm/gems/ruby-2.1.0/specifications/mime-types-1.25.1.gemspec
I, [2014-03-27T11:44:08.208582 #3471]  INFO -- : 0:  polyglot (0.3.4) from /usr/local/rvm/gems/ruby-2.1.0/specifications/polyglot-0.3.4.gemspec
I, [2014-03-27T11:44:08.209516 #3471]  INFO -- : 0:  treetop (1.4.15) from /usr/local/rvm/gems/ruby-2.1.0/specifications/treetop-1.4.15.gemspec
I, [2014-03-27T11:44:08.210406 #3471]  INFO -- : 0:  mail (2.5.4) from /usr/local/rvm/gems/ruby-2.1.0/specifications/mail-2.5.4.gemspec
I, [2014-03-27T11:44:08.211333 #3471]  INFO -- : 0:  actionmailer (4.0.3) from /usr/local/rvm/gems/ruby-2.1.0/specifications/actionmailer-4.0.3.gemspec
I, [2014-03-27T11:44:08.212408 #3471]  INFO -- : 0:  activemodel (4.0.3) from /usr/local/rvm/gems/ruby-2.1.0/specifications/activemodel-4.0.3.gemspec
I, [2014-03-27T11:44:08.213375 #3471]  INFO -- : 0:  activerecord-deprecated_finders (1.0.3) from /usr/local/rvm/gems/ruby-2.1.0/specifications/activerecord-deprecated_finders-1.0.3.gemspec
I, [2014-03-27T11:44:08.214316 #3471]  INFO -- : 0:  arel (4.0.2) from /usr/local/rvm/gems/ruby-2.1.0/specifications/arel-4.0.2.gemspec
I, [2014-03-27T11:44:08.215219 #3471]  INFO -- : 0:  activerecord (4.0.3) from /usr/local/rvm/gems/ruby-2.1.0/specifications/activerecord-4.0.3.gemspec
I, [2014-03-27T11:44:08.216246 #3471]  INFO -- : 0:  bson (2.2.1) from /usr/local/rvm/gems/ruby-2.1.0/specifications/bson-2.2.1.gemspec
I, [2014-03-27T11:44:08.217135 #3471]  INFO -- : 0:  connection_pool (1.2.0) from /usr/local/rvm/gems/ruby-2.1.0/specifications/connection_pool-1.2.0.gemspec
I, [2014-03-27T11:44:08.218074 #3471]  INFO -- : 0:  optionable (0.2.0) from /usr/local/rvm/gems/ruby-2.1.0/specifications/optionable-0.2.0.gemspec
I, [2014-03-27T11:44:08.218949 #3471]  INFO -- : 0:  moped (2.0.0.beta6) from /usr/local/rvm/gems/ruby-2.1.0/specifications/moped-2.0.0.beta6.gemspec
I, [2014-03-27T11:44:08.219894 #3471]  INFO -- : 0:  origin (2.1.0) from /usr/local/rvm/gems/ruby-2.1.0/specifications/origin-2.1.0.gemspec
I, [2014-03-27T11:44:08.220936 #3471]  INFO -- : 0:  mongoid (4.0.0.beta1) from /usr/local/rvm/gems/ruby-2.1.0/specifications/mongoid-4.0.0.beta1.gemspec
I, [2014-03-27T11:44:08.221990 #3471]  INFO -- : 0:  pg (0.17.1) from /usr/local/rvm/gems/ruby-2.1.0/specifications/pg-0.17.1.gemspec
I, [2014-03-27T11:44:08.222996 #3471]  INFO -- : 0:  bundler (1.5.0) from /usr/local/rvm/gems/ruby-2.1.0@global/specifications/bundler-1.5.0.gemspec
I, [2014-03-27T11:44:08.224014 #3471]  INFO -- : 0:  thor (0.18.1) from /usr/local/rvm/gems/ruby-2.1.0/specifications/thor-0.18.1.gemspec
I, [2014-03-27T11:44:08.225097 #3471]  INFO -- : 0:  railties (4.0.3) from /usr/local/rvm/gems/ruby-2.1.0/specifications/railties-4.0.3.gemspec
I, [2014-03-27T11:44:08.226100 #3471]  INFO -- : 0:  hike (1.2.3) from /usr/local/rvm/gems/ruby-2.1.0/specifications/hike-1.2.3.gemspec
I, [2014-03-27T11:44:08.227038 #3471]  INFO -- : 0:  tilt (1.4.1) from /usr/local/rvm/gems/ruby-2.1.0/specifications/tilt-1.4.1.gemspec
I, [2014-03-27T11:44:08.228174 #3471]  INFO -- : 0:  sprockets (2.12.0) from /usr/local/rvm/gems/ruby-2.1.0/specifications/sprockets-2.12.0.gemspec
I, [2014-03-27T11:44:08.229150 #3471]  INFO -- : 0:  sprockets-rails (2.0.1) from /usr/local/rvm/gems/ruby-2.1.0/specifications/sprockets-rails-2.0.1.gemspec
I, [2014-03-27T11:44:08.230387 #3471]  INFO -- : 0:  rails (4.0.3) from /usr/local/rvm/gems/ruby-2.1.0/specifications/rails-4.0.3.gemspec
I, [2014-03-27T11:44:08.232003 #3471]  INFO -- : 0:  tinymce-rails (4.0.19) from /usr/local/rvm/gems/ruby-2.1.0/specifications/tinymce-rails-4.0.19.gemspec
I, [2014-03-27T11:44:08.332392 #3471]  INFO -- : 0:  article (0.0.1) from /vagrant/article/article.gemspec
I, [2014-03-27T11:44:08.333715 #3471]  INFO -- : 0:  diff-lcs (1.2.5) from /usr/local/rvm/gems/ruby-2.1.0/specifications/diff-lcs-1.2.5.gemspec
I, [2014-03-27T11:44:08.334812 #3471]  INFO -- : 0:  rspec-core (2.14.8) from /usr/local/rvm/gems/ruby-2.1.0/specifications/rspec-core-2.14.8.gemspec
I, [2014-03-27T11:44:08.335835 #3471]  INFO -- : 0:  rspec-expectations (2.14.5) from /usr/local/rvm/gems/ruby-2.1.0/specifications/rspec-expectations-2.14.5.gemspec
I, [2014-03-27T11:44:08.337365 #3471]  INFO -- : 0:  rspec-mocks (2.14.6) from /usr/local/rvm/gems/ruby-2.1.0/specifications/rspec-mocks-2.14.6.gemspec
I, [2014-03-27T11:44:08.338376 #3471]  INFO -- : 0:  rspec-rails (2.14.1) from /usr/local/rvm/gems/ruby-2.1.0/specifications/rspec-rails-2.14.1.gemspec
